<?xml version="1.0" encoding="UTF-8"?>
<!-- Generated by org.testng.reporters.JUnitXMLReporter -->
<testsuite hostname="DESKTOP-0LE1PPF" ignored="0" name="AddMantisUserTest" tests="9" failures="0" timestamp="01 апр 2019 14:42:54 GMT" time="13.297" errors="0">
  <testcase name="assertBrowserTitle" time="0.016" classname="hw2.AddMantisUserTest"/>
  <testcase name="performLoginAndAssertUserName" time="1.299" classname="hw2.AddMantisUserTest"/>
  <testcase name="AssertLeftSideMenu" time="0.056" classname="hw2.AddMantisUserTest"/>
  <testcase name="testManageButton" time="0.732" classname="hw2.AddMantisUserTest"/>
  <testcase name="createNewAccount" time="0.667" classname="hw2.AddMantisUserTest"/>
  <testcase name="fillUserInformation" time="1.911" classname="hw2.AddMantisUserTest"/>
  <testcase name="createNewUserAccountAndLogout" time="1.81" classname="hw2.AddMantisUserTest"/>
  <testcase name="loginMewAccount" time="1.551" classname="hw2.AddMantisUserTest"/>
  <testcase name="AssertUserNameAndLogout" time="0.52" classname="hw2.AddMantisUserTest"/>
</testsuite> <!-- AddMantisUserTest -->
