<?xml version="1.0" encoding="UTF-8"?>
<!-- Generated by org.testng.reporters.JUnitXMLReporter -->
<testsuite hostname="DESKTOP-0LE1PPF" ignored="0" name="AddMantisProjectTest" tests="7" failures="0" timestamp="01 апр 2019 14:42:40 GMT" time="10.746" errors="0">
  <testcase name="assertBrowserTitle" time="0.013" classname="hw2.AddMantisProjectTest"/>
  <testcase name="performLoginAndAssertUserName" time="1.445" classname="hw2.AddMantisProjectTest"/>
  <testcase name="AssertLeftSideMenu" time="0.06" classname="hw2.AddMantisProjectTest"/>
  <testcase name="testManageButton" time="0.459" classname="hw2.AddMantisProjectTest"/>
  <testcase name="assertFields" time="1.075" classname="hw2.AddMantisProjectTest"/>
  <testcase name="addProject" time="1.218" classname="hw2.AddMantisProjectTest"/>
  <testcase name="logout" time="0.545" classname="hw2.AddMantisProjectTest"/>
</testsuite> <!-- AddMantisProjectTest -->
