<?xml version="1.0" encoding="UTF-8"?>
<testng-results skipped="0" failed="0" ignored="0" total="16" passed="16">
  <reporter-output>
  </reporter-output>
  <suite name="MantisbtTestsSuite" duration-ms="24090" started-at="2019-04-01T14:42:30Z" finished-at="2019-04-01T14:42:54Z">
    <groups>
    </groups>
    <test name="AddMantisProjectTest" duration-ms="10746" started-at="2019-04-01T14:42:30Z" finished-at="2019-04-01T14:42:40Z">
      <class name="hw2.AddMantisProjectTest">
        <test-method status="PASS" signature="setUps()[pri:0, instance:hw2.AddMantisProjectTest@43a25848]" name="setUps" is-config="true" duration-ms="5712" started-at="2019-04-01T14:42:30Z" finished-at="2019-04-01T14:42:35Z">
          <reporter-output>
          </reporter-output>
        </test-method> <!-- setUps -->
        <test-method status="PASS" signature="assertBrowserTitle()[pri:1, instance:hw2.AddMantisProjectTest@43a25848]" name="assertBrowserTitle" duration-ms="13" started-at="2019-04-01T14:42:35Z" finished-at="2019-04-01T14:42:35Z">
          <reporter-output>
          </reporter-output>
        </test-method> <!-- assertBrowserTitle -->
        <test-method status="PASS" signature="performLoginAndAssertUserName()[pri:2, instance:hw2.AddMantisProjectTest@43a25848]" name="performLoginAndAssertUserName" duration-ms="1445" started-at="2019-04-01T14:42:35Z" finished-at="2019-04-01T14:42:37Z">
          <reporter-output>
          </reporter-output>
        </test-method> <!-- performLoginAndAssertUserName -->
        <test-method status="PASS" signature="AssertLeftSideMenu()[pri:3, instance:hw2.AddMantisProjectTest@43a25848]" name="AssertLeftSideMenu" duration-ms="60" started-at="2019-04-01T14:42:37Z" finished-at="2019-04-01T14:42:37Z">
          <reporter-output>
          </reporter-output>
        </test-method> <!-- AssertLeftSideMenu -->
        <test-method status="PASS" signature="testManageButton()[pri:4, instance:hw2.AddMantisProjectTest@43a25848]" name="testManageButton" duration-ms="459" started-at="2019-04-01T14:42:37Z" finished-at="2019-04-01T14:42:37Z">
          <reporter-output>
          </reporter-output>
        </test-method> <!-- testManageButton -->
        <test-method status="PASS" signature="assertFields()[pri:5, instance:hw2.AddMantisProjectTest@43a25848]" name="assertFields" duration-ms="1075" started-at="2019-04-01T14:42:37Z" finished-at="2019-04-01T14:42:38Z">
          <reporter-output>
          </reporter-output>
        </test-method> <!-- assertFields -->
        <test-method status="PASS" signature="addProject()[pri:6, instance:hw2.AddMantisProjectTest@43a25848]" name="addProject" duration-ms="1218" started-at="2019-04-01T14:42:38Z" finished-at="2019-04-01T14:42:40Z">
          <reporter-output>
          </reporter-output>
        </test-method> <!-- addProject -->
        <test-method status="PASS" signature="logout()[pri:7, instance:hw2.AddMantisProjectTest@43a25848]" name="logout" duration-ms="545" started-at="2019-04-01T14:42:40Z" finished-at="2019-04-01T14:42:40Z">
          <reporter-output>
          </reporter-output>
        </test-method> <!-- logout -->
        <test-method status="PASS" signature="closeDriver()[pri:0, instance:hw2.AddMantisProjectTest@43a25848]" name="closeDriver" is-config="true" duration-ms="184" started-at="2019-04-01T14:42:40Z" finished-at="2019-04-01T14:42:40Z">
          <reporter-output>
          </reporter-output>
        </test-method> <!-- closeDriver -->
      </class> <!-- hw2.AddMantisProjectTest -->
    </test> <!-- AddMantisProjectTest -->
    <test name="AddMantisUserTest" duration-ms="13297" started-at="2019-04-01T14:42:40Z" finished-at="2019-04-01T14:42:54Z">
      <class name="hw2.AddMantisUserTest">
        <test-method status="PASS" signature="setUps()[pri:0, instance:hw2.AddMantisUserTest@7f690630]" name="setUps" is-config="true" duration-ms="4554" started-at="2019-04-01T14:42:40Z" finished-at="2019-04-01T14:42:45Z">
          <reporter-output>
          </reporter-output>
        </test-method> <!-- setUps -->
        <test-method status="PASS" signature="assertBrowserTitle()[pri:1, instance:hw2.AddMantisUserTest@7f690630]" name="assertBrowserTitle" duration-ms="16" started-at="2019-04-01T14:42:45Z" finished-at="2019-04-01T14:42:45Z">
          <reporter-output>
          </reporter-output>
        </test-method> <!-- assertBrowserTitle -->
        <test-method status="PASS" signature="performLoginAndAssertUserName()[pri:2, instance:hw2.AddMantisUserTest@7f690630]" name="performLoginAndAssertUserName" duration-ms="1299" started-at="2019-04-01T14:42:45Z" finished-at="2019-04-01T14:42:46Z">
          <reporter-output>
          </reporter-output>
        </test-method> <!-- performLoginAndAssertUserName -->
        <test-method status="PASS" signature="AssertLeftSideMenu()[pri:3, instance:hw2.AddMantisUserTest@7f690630]" name="AssertLeftSideMenu" duration-ms="56" started-at="2019-04-01T14:42:46Z" finished-at="2019-04-01T14:42:46Z">
          <reporter-output>
          </reporter-output>
        </test-method> <!-- AssertLeftSideMenu -->
        <test-method status="PASS" signature="testManageButton()[pri:4, instance:hw2.AddMantisUserTest@7f690630]" name="testManageButton" duration-ms="732" started-at="2019-04-01T14:42:46Z" finished-at="2019-04-01T14:42:47Z">
          <reporter-output>
          </reporter-output>
        </test-method> <!-- testManageButton -->
        <test-method status="PASS" signature="createNewAccount()[pri:5, instance:hw2.AddMantisUserTest@7f690630]" name="createNewAccount" duration-ms="667" started-at="2019-04-01T14:42:47Z" finished-at="2019-04-01T14:42:48Z">
          <reporter-output>
          </reporter-output>
        </test-method> <!-- createNewAccount -->
        <test-method status="PASS" signature="fillUserInformation()[pri:6, instance:hw2.AddMantisUserTest@7f690630]" name="fillUserInformation" duration-ms="1911" started-at="2019-04-01T14:42:48Z" finished-at="2019-04-01T14:42:50Z">
          <reporter-output>
          </reporter-output>
        </test-method> <!-- fillUserInformation -->
        <test-method status="PASS" signature="createNewUserAccountAndLogout()[pri:7, instance:hw2.AddMantisUserTest@7f690630]" name="createNewUserAccountAndLogout" duration-ms="1810" started-at="2019-04-01T14:42:50Z" finished-at="2019-04-01T14:42:51Z">
          <reporter-output>
          </reporter-output>
        </test-method> <!-- createNewUserAccountAndLogout -->
        <test-method status="PASS" signature="loginMewAccount()[pri:9, instance:hw2.AddMantisUserTest@7f690630]" name="loginMewAccount" duration-ms="1551" started-at="2019-04-01T14:42:51Z" finished-at="2019-04-01T14:42:53Z">
          <reporter-output>
          </reporter-output>
        </test-method> <!-- loginMewAccount -->
        <test-method status="PASS" signature="AssertUserNameAndLogout()[pri:10, instance:hw2.AddMantisUserTest@7f690630]" name="AssertUserNameAndLogout" duration-ms="520" started-at="2019-04-01T14:42:53Z" finished-at="2019-04-01T14:42:54Z">
          <reporter-output>
          </reporter-output>
        </test-method> <!-- AssertUserNameAndLogout -->
        <test-method status="PASS" signature="closeDriver()[pri:0, instance:hw2.AddMantisUserTest@7f690630]" name="closeDriver" is-config="true" duration-ms="173" started-at="2019-04-01T14:42:54Z" finished-at="2019-04-01T14:42:54Z">
          <reporter-output>
          </reporter-output>
        </test-method> <!-- closeDriver -->
      </class> <!-- hw2.AddMantisUserTest -->
    </test> <!-- AddMantisUserTest -->
  </suite> <!-- MantisbtTestsSuite -->
</testng-results>
